<?xml version="1.0" encoding="UTF-8"?>
<!-- Generated by org.testng.reporters.JUnitReportReporter -->
<testsuite skipped="0" hostname="Lenovo-PC" name="Test.BookingflightPagetest" tests="3" failures="0" timestamp="28 Oct 2018 20:35:56 GMT" time="30.512" errors="0">
  <testcase name="fs" time="7.479" classname="Test.BookingflightPagetest"/>
  <testcase name="book" time="15.178" classname="Test.BookingflightPagetest"/>
  <testcase name="start" time="7.855" classname="Test.BookingflightPagetest"/>
</testsuite> <!-- Test.BookingflightPagetest -->
