<?xml version="1.0" encoding="UTF-8"?>
<!-- Generated by org.testng.reporters.JUnitReportReporter -->
<testsuite skipped="0" hostname="Lenovo-PC" name="Test.FlightSearchPageTest" tests="2" failures="0" timestamp="29 Oct 2018 14:46:36 GMT" time="14.786" errors="0">
  <testcase name="fs" time="8.042" classname="Test.FlightSearchPageTest"/>
  <testcase name="start" time="6.744" classname="Test.FlightSearchPageTest"/>
</testsuite> <!-- Test.FlightSearchPageTest -->
